  ex_ord.cpp
c:\source\include\ord\ord\include\ord.h(360): warning C4244: 'argument': conversion from 'double' to 'const __int64', possible loss of data
  c:\source\include\ord\ord\include\ord.h(444): note: see reference to function template instantiation 'T ord::vice<T>(T,double,double,double,char)' being compiled
          with
          [
              T=std::vector<int,std::allocator<int>>
          ]
  c:\source\examples\ex_ord\ex_ord\include\fuzz_slice.h(30): note: see reference to function template instantiation 'T ord::slice<T>(T,double,double,double)' being compiled
          with
          [
              T=std::vector<int,std::allocator<int>>
          ]
  c:\source\examples\ex_ord\ex_ord\include\fuzz_slice.h(117): note: see reference to function template instantiation 'void pos_xy_pos_z<std::vector<int,std::allocator<_Ty>>>(T)' being compiled
          with
          [
              _Ty=int,
              T=std::vector<int,std::allocator<int>>
          ]
c:\source\include\ord\ord\include\ord.h(363): warning C4244: 'argument': conversion from 'double' to 'const __int64', possible loss of data
c:\source\include\ord\ord\include\ord.h(369): warning C4244: 'argument': conversion from 'double' to 'const __int64', possible loss of data
c:\source\include\ord\ord\include\ord.h(381): warning C4244: 'argument': conversion from 'double' to 'const __int64', possible loss of data
c:\source\include\ord\ord\include\ord.h(393): warning C4244: '=': conversion from 'size_t' to 'double', possible loss of data
c:\source\include\ord\ord\include\ord.h(402): warning C4244: '=': conversion from 'size_t' to 'double', possible loss of data
c:\source\include\ord\ord\include\ord.h(403): warning C4244: '=': conversion from 'size_t' to 'double', possible loss of data
c:\source\include\ord\ord\include\ord.h(405): warning C4244: 'argument': conversion from 'double' to 'const __int64', possible loss of data
c:\source\include\ord\ord\include\ord.h(406): warning C4244: 'argument': conversion from 'double' to 'const __int64', possible loss of data
c:\source\include\ord\ord\include\ord.h(420): warning C4244: '=': conversion from 'double' to 'size_t', possible loss of data
c:\source\include\ord\ord\include\ord.h(430): warning C4244: '=': conversion from 'double' to 'size_t', possible loss of data
  AssemblyInfo.obj : MSIL module encountered; incremental linking is disabled for MSIL; performing full link
LINK : warning LNK4098: defaultlib 'MSVCRT' conflicts with use of other libs; use /NODEFAULTLIB:library
  ex_ord.vcxproj -> C:\source\examples\ex_ord\x64\Debug\ex_ord.exe
