c:\source\include\re\re\x64\debug\re.pdb
c:\source\include\re\re\x64\debug\re.obj
c:\source\include\re\re\x64\debug\assemblyinfo.obj
c:\source\include\re\re\x64\debug\.netframework,version=v4.6.1.assemblyattributes.obj
c:\source\include\re\re\x64\debug\.netframework,version=v4.6.1.assemblyattributes.asm
c:\source\examples\ex_sys_os\x64\debug\re.lib
c:\source\include\re\re\x64\debug\app.res
c:\source\include\re\re\x64\debug\re.vcxprojassemblyreference.cache
c:\source\examples\ex_sys_os\x64\debug\re.pdb
c:\source\include\re\re\x64\debug\re.tlog\cl.command.1.tlog
c:\source\include\re\re\x64\debug\re.tlog\cl.read.1.tlog
c:\source\include\re\re\x64\debug\re.tlog\cl.write.1.tlog
c:\source\include\re\re\x64\debug\re.tlog\lib-link-cvtres.read.1.tlog
c:\source\include\re\re\x64\debug\re.tlog\lib-link-cvtres.write.1.tlog
c:\source\include\re\re\x64\debug\re.tlog\lib.command.1.tlog
c:\source\include\re\re\x64\debug\re.tlog\metagen.read.1.tlog
c:\source\include\re\re\x64\debug\re.tlog\metagen.write.1.tlog
c:\source\include\re\re\x64\debug\re.tlog\rc.command.1.tlog
c:\source\include\re\re\x64\debug\re.tlog\rc.read.1.tlog
c:\source\include\re\re\x64\debug\re.tlog\rc.write.1.tlog
